2022-12-22 17:58:10 INFO::Writing function arguments to log file
2022-12-22 17:58:10 DEBUG::Function arguments
2022-12-22 17:58:10 DEBUG::Output folder: Maaslin2_results_Group
2022-12-22 17:58:10 DEBUG::Min Abundance: 0.000000
2022-12-22 17:58:10 DEBUG::Min Prevalence: 0.100000
2022-12-22 17:58:10 DEBUG::Normalization: TSS
2022-12-22 17:58:10 DEBUG::Transform: AST
2022-12-22 17:58:10 DEBUG::Analysis method: LM
2022-12-22 17:58:10 DEBUG::Max significance: 0.250000
2022-12-22 17:58:10 DEBUG::Random effects:
2022-12-22 17:58:10 DEBUG::Fixed effects: Group
2022-12-22 17:58:10 DEBUG::Correction method: BH
2022-12-22 17:58:10 DEBUG::Standardize: TRUE
2022-12-22 17:58:10 DEBUG::Cores: 1
2022-12-22 17:58:10 INFO::Verifying options selected are valid
2022-12-22 17:58:10 INFO::Determining format of input files
2022-12-22 17:58:10 INFO::Input format is data samples as rows and metadata samples as rows
2022-12-22 17:58:10 DEBUG::A total of 50 samples were found in both the data and metadata
2022-12-22 17:58:10 DEBUG::Reordering data/metadata to use same sample ordering
2022-12-22 17:58:10 INFO::Formula for fixed effects: expr ~  Group
2022-12-22 17:58:10 INFO::Filter data based on min abundance and min prevalence
2022-12-22 17:58:10 INFO::Total samples in data: 50
2022-12-22 17:58:10 INFO::Min samples required with min abundance for a feature not to be filtered: 5.000000
2022-12-22 17:58:10 INFO::Total filtered features: 2
2022-12-22 17:58:10 INFO::Filtered feature names from abundance and prevalence filtering:
2022-12-22 17:58:10 INFO::Total filtered features with variance filtering: 0
2022-12-22 17:58:10 INFO::Filtered feature names from variance filtering:
2022-12-22 17:58:10 INFO::Running selected normalization method: TSS
2022-12-22 17:58:10 INFO::Applying z-score to standardize continuous metadata
2022-12-22 17:58:10 INFO::Running selected transform method: AST
2022-12-22 17:58:10 INFO::Running selected analysis method: LM
2022-12-22 17:58:10 INFO::Fitting model to feature number 1, ko05340
2022-12-22 17:58:10 INFO::Fitting model to feature number 2, ko00564
2022-12-22 17:58:10 INFO::Fitting model to feature number 3, ko00680
2022-12-22 17:58:10 INFO::Fitting model to feature number 4, ko00562
2022-12-22 17:58:10 INFO::Fitting model to feature number 5, ko03030
2022-12-22 17:58:10 INFO::Fitting model to feature number 6, ko00561
2022-12-22 17:58:10 INFO::Fitting model to feature number 7, ko00440
2022-12-22 17:58:10 INFO::Fitting model to feature number 8, ko00250
2022-12-22 17:58:10 INFO::Fitting model to feature number 9, ko00740
2022-12-22 17:58:10 INFO::Fitting model to feature number 10, ko04940
2022-12-22 17:58:10 INFO::Fitting model to feature number 11, ko00010
2022-12-22 17:58:10 INFO::Fitting model to feature number 12, ko05412
2022-12-22 17:58:10 INFO::Fitting model to feature number 13, ko00195
2022-12-22 17:58:10 INFO::Fitting model to feature number 14, ko03450
2022-12-22 17:58:10 INFO::Fitting model to feature number 15, ko00760
2022-12-22 17:58:10 INFO::Fitting model to feature number 16, ko00920
2022-12-22 17:58:10 INFO::Fitting model to feature number 17, ko00311
2022-12-22 17:58:10 INFO::Fitting model to feature number 18, ko00310
2022-12-22 17:58:10 INFO::Fitting model to feature number 19, ko04146
2022-12-22 17:58:10 INFO::Fitting model to feature number 20, ko00600
2022-12-22 17:58:10 INFO::Fitting model to feature number 21, ko04141
2022-12-22 17:58:10 INFO::Fitting model to feature number 22, ko04142
2022-12-22 17:58:10 INFO::Fitting model to feature number 23, ko00604
2022-12-22 17:58:10 INFO::Fitting model to feature number 24, ko04260
2022-12-22 17:58:10 INFO::Fitting model to feature number 25, ko05142
2022-12-22 17:58:10 INFO::Fitting model to feature number 26, ko00513
2022-12-22 17:58:11 INFO::Fitting model to feature number 27, ko04973
2022-12-22 17:58:11 INFO::Fitting model to feature number 28, ko00510
2022-12-22 17:58:11 INFO::Fitting model to feature number 29, ko04974
2022-12-22 17:58:11 INFO::Fitting model to feature number 30, ko00450
2022-12-22 17:58:11 INFO::Fitting model to feature number 31, ko01051
2022-12-22 17:58:11 INFO::Fitting model to feature number 32, ko00565
2022-12-22 17:58:11 INFO::Fitting model to feature number 33, ko00524
2022-12-22 17:58:11 INFO::Fitting model to feature number 34, ko00300
2022-12-22 17:58:11 INFO::Fitting model to feature number 35, ko05222
2022-12-22 17:58:11 INFO::Fitting model to feature number 36, ko05416
2022-12-22 17:58:11 INFO::Fitting model to feature number 37, ko00260
2022-12-22 17:58:11 INFO::Fitting model to feature number 38, ko00190
2022-12-22 17:58:11 INFO::Fitting model to feature number 39, ko03440
2022-12-22 17:58:11 INFO::Fitting model to feature number 40, ko00750
2022-12-22 17:58:11 INFO::Fitting model to feature number 41, ko00950
2022-12-22 17:58:11 INFO::Fitting model to feature number 42, ko00592
2022-12-22 17:58:11 INFO::Fitting model to feature number 43, ko00591
2022-12-22 17:58:11 INFO::Fitting model to feature number 44, ko00590
2022-12-22 17:58:11 INFO::Fitting model to feature number 45, ko00061
2022-12-22 17:58:11 INFO::Fitting model to feature number 46, ko03070
2022-12-22 17:58:11 INFO::Fitting model to feature number 47, ko00253
2022-12-22 17:58:11 INFO::Fitting model to feature number 48, ko03060
2022-12-22 17:58:11 INFO::Fitting model to feature number 49, ko00380
2022-12-22 17:58:11 INFO::Fitting model to feature number 50, ko00500
2022-12-22 17:58:11 INFO::Fitting model to feature number 51, ko05120
2022-12-22 17:58:11 INFO::Fitting model to feature number 52, ko04964
2022-12-22 17:58:11 INFO::Fitting model to feature number 53, ko04962
2022-12-22 17:58:11 INFO::Fitting model to feature number 54, ko00625
2022-12-22 17:58:11 INFO::Fitting model to feature number 55, ko00627
2022-12-22 17:58:11 INFO::Fitting model to feature number 56, ko00626
2022-12-22 17:58:11 INFO::Fitting model to feature number 57, ko00621
2022-12-22 17:58:11 INFO::Fitting model to feature number 58, ko00620
2022-12-22 17:58:11 INFO::Fitting model to feature number 59, ko00623
2022-12-22 17:58:11 INFO::Fitting model to feature number 60, ko00622
2022-12-22 17:58:11 INFO::Fitting model to feature number 61, ko00270
2022-12-22 17:58:11 INFO::Fitting model to feature number 62, ko00940
2022-12-22 17:58:11 INFO::Fitting model to feature number 63, ko00941
2022-12-22 17:58:11 INFO::Fitting model to feature number 64, ko01053
2022-12-22 17:58:11 INFO::Fitting model to feature number 65, ko00100
2022-12-22 17:58:11 INFO::Fitting model to feature number 66, ko05016
2022-12-22 17:58:11 INFO::Fitting model to feature number 67, ko00071
2022-12-22 17:58:11 INFO::Fitting model to feature number 68, ko00072
2022-12-22 17:58:11 INFO::Fitting model to feature number 69, ko05219
2022-12-22 17:58:11 INFO::Fitting model to feature number 70, ko05215
2022-12-22 17:58:11 INFO::Fitting model to feature number 71, ko05211
2022-12-22 17:58:11 INFO::Fitting model to feature number 72, ko05210
2022-12-22 17:58:11 INFO::Fitting model to feature number 73, ko01055
2022-12-22 17:58:11 INFO::Fitting model to feature number 74, ko04910
2022-12-22 17:58:11 INFO::Fitting model to feature number 75, ko00531
2022-12-22 17:58:11 INFO::Fitting model to feature number 76, ko00360
2022-12-22 17:58:11 INFO::Fitting model to feature number 77, ko00633
2022-12-22 17:58:11 INFO::Fitting model to feature number 78, ko00630
2022-12-22 17:58:11 INFO::Fitting model to feature number 79, ko00363
2022-12-22 17:58:11 INFO::Fitting model to feature number 80, ko00364
2022-12-22 17:58:11 INFO::Fitting model to feature number 81, ko04115
2022-12-22 17:58:11 INFO::Fitting model to feature number 82, ko00121
2022-12-22 17:58:11 INFO::Fitting model to feature number 83, ko04914
2022-12-22 17:58:11 INFO::Fitting model to feature number 84, ko00430
2022-12-22 17:58:11 INFO::Fitting model to feature number 85, ko02010
2022-12-22 17:58:11 INFO::Fitting model to feature number 86, ko00130
2022-12-22 17:58:11 INFO::Fitting model to feature number 87, ko03050
2022-12-22 17:58:11 INFO::Fitting model to feature number 88, ko00361
2022-12-22 17:58:11 INFO::Fitting model to feature number 89, ko00040
2022-12-22 17:58:11 INFO::Fitting model to feature number 90, ko00730
2022-12-22 17:58:11 INFO::Fitting model to feature number 91, ko00362
2022-12-22 17:58:11 INFO::Fitting model to feature number 92, ko01040
2022-12-22 17:58:11 INFO::Fitting model to feature number 93, ko00603
2022-12-22 17:58:11 INFO::Fitting model to feature number 94, ko03018
2022-12-22 17:58:11 INFO::Fitting model to feature number 95, ko00281
2022-12-22 17:58:11 INFO::Fitting model to feature number 96, ko00280
2022-12-22 17:58:11 INFO::Fitting model to feature number 97, ko03013
2022-12-22 17:58:11 INFO::Fitting model to feature number 98, ko04626
2022-12-22 17:58:11 INFO::Fitting model to feature number 99, ko05200
2022-12-22 17:58:11 INFO::Fitting model to feature number 100, ko00601
2022-12-22 17:58:11 INFO::Fitting model to feature number 101, ko00312
2022-12-22 17:58:11 INFO::Fitting model to feature number 102, ko05020
2022-12-22 17:58:11 INFO::Fitting model to feature number 103, ko05143
2022-12-22 17:58:11 INFO::Fitting model to feature number 104, ko00523
2022-12-22 17:58:11 INFO::Fitting model to feature number 105, ko00520
2022-12-22 17:58:11 INFO::Fitting model to feature number 106, ko00521
2022-12-22 17:58:11 INFO::Fitting model to feature number 107, ko05146
2022-12-22 17:58:11 INFO::Fitting model to feature number 108, ko05145
2022-12-22 17:58:11 INFO::Fitting model to feature number 109, ko00052
2022-12-22 17:58:11 INFO::Fitting model to feature number 110, ko00053
2022-12-22 17:58:11 INFO::Fitting model to feature number 111, ko00051
2022-12-22 17:58:11 INFO::Fitting model to feature number 112, ko00401
2022-12-22 17:58:11 INFO::Fitting model to feature number 113, ko00400
2022-12-22 17:58:11 INFO::Fitting model to feature number 114, ko04020
2022-12-22 17:58:11 INFO::Fitting model to feature number 115, ko00350
2022-12-22 17:58:11 INFO::Fitting model to feature number 116, ko00480
2022-12-22 17:58:11 INFO::Fitting model to feature number 117, ko00643
2022-12-22 17:58:11 INFO::Fitting model to feature number 118, ko00642
2022-12-22 17:58:11 INFO::Fitting model to feature number 119, ko00640
2022-12-22 17:58:11 INFO::Fitting model to feature number 120, ko00720
2022-12-22 17:58:11 INFO::Fitting model to feature number 121, ko00960
2022-12-22 17:58:11 INFO::Fitting model to feature number 122, ko02020
2022-12-22 17:58:11 INFO::Fitting model to feature number 123, ko00120
2022-12-22 17:58:11 INFO::Fitting model to feature number 124, ko03008
2022-12-22 17:58:11 INFO::Fitting model to feature number 125, ko05414
2022-12-22 17:58:11 INFO::Fitting model to feature number 126, ko00290
2022-12-22 17:58:11 INFO::Fitting model to feature number 127, ko04614
2022-12-22 17:58:11 INFO::Fitting model to feature number 128, ko03410
2022-12-22 17:58:11 INFO::Fitting model to feature number 129, ko05010
2022-12-22 17:58:11 INFO::Fitting model to feature number 130, ko05012
2022-12-22 17:58:11 INFO::Fitting model to feature number 131, ko00980
2022-12-22 17:58:11 INFO::Fitting model to feature number 132, ko00410
2022-12-22 17:58:11 INFO::Fitting model to feature number 133, ko00983
2022-12-22 17:58:11 INFO::Fitting model to feature number 134, ko05150
2022-12-22 17:58:11 INFO::Fitting model to feature number 135, ko00791
2022-12-22 17:58:11 INFO::Fitting model to feature number 136, ko00790
2022-12-22 17:58:11 INFO::Fitting model to feature number 137, ko00020
2022-12-22 17:58:11 INFO::Fitting model to feature number 138, ko00710
2022-12-22 17:58:11 INFO::Fitting model to feature number 139, ko02060
2022-12-22 17:58:11 INFO::Fitting model to feature number 140, ko00340
2022-12-22 17:58:11 INFO::Fitting model to feature number 141, ko00785
2022-12-22 17:58:11 INFO::Fitting model to feature number 142, ko00550
2022-12-22 17:58:11 INFO::Fitting model to feature number 143, ko00650
2022-12-22 17:58:11 INFO::Fitting model to feature number 144, ko02030
2022-12-22 17:58:11 INFO::Fitting model to feature number 145, ko03320
2022-12-22 17:58:11 INFO::Fitting model to feature number 146, ko04612
2022-12-22 17:58:11 INFO::Fitting model to feature number 147, ko04621
2022-12-22 17:58:11 INFO::Fitting model to feature number 148, ko04622
2022-12-22 17:58:11 INFO::Fitting model to feature number 149, ko00910
2022-12-22 17:58:11 INFO::Fitting model to feature number 150, ko00460
2022-12-22 17:58:11 INFO::Fitting model to feature number 151, ko00830
2022-12-22 17:58:11 INFO::Fitting model to feature number 152, ko00780
2022-12-22 17:58:11 INFO::Fitting model to feature number 153, ko00511
2022-12-22 17:58:11 INFO::Fitting model to feature number 154, ko00970
2022-12-22 17:58:11 INFO::Fitting model to feature number 155, ko00030
2022-12-22 17:58:11 INFO::Fitting model to feature number 156, ko04972
2022-12-22 17:58:11 INFO::Fitting model to feature number 157, ko00230
2022-12-22 17:58:11 INFO::Fitting model to feature number 158, ko04122
2022-12-22 17:58:11 INFO::Fitting model to feature number 159, ko00540
2022-12-22 17:58:11 INFO::Fitting model to feature number 160, ko05014
2022-12-22 17:58:11 INFO::Fitting model to feature number 161, ko00660
2022-12-22 17:58:11 INFO::Fitting model to feature number 162, ko03020
2022-12-22 17:58:11 INFO::Fitting model to feature number 163, ko00982
2022-12-22 17:58:11 INFO::Fitting model to feature number 164, ko03010
2022-12-22 17:58:11 INFO::Fitting model to feature number 165, ko00140
2022-12-22 17:58:11 INFO::Fitting model to feature number 166, ko05100
2022-12-22 17:58:11 INFO::Fitting model to feature number 167, ko00860
2022-12-22 17:58:11 INFO::Fitting model to feature number 168, ko05410
2022-12-22 17:58:11 INFO::Fitting model to feature number 169, ko00330
2022-12-22 17:58:11 INFO::Fitting model to feature number 170, ko00908
2022-12-22 17:58:11 INFO::Fitting model to feature number 171, ko04930
2022-12-22 17:58:11 INFO::Fitting model to feature number 172, ko03430
2022-12-22 17:58:11 INFO::Fitting model to feature number 173, ko00906
2022-12-22 17:58:11 INFO::Fitting model to feature number 174, ko00900
2022-12-22 17:58:11 INFO::Fitting model to feature number 175, ko00903
2022-12-22 17:58:11 INFO::Fitting model to feature number 176, ko00471
2022-12-22 17:58:11 INFO::Fitting model to feature number 177, ko00472
2022-12-22 17:58:11 INFO::Fitting model to feature number 178, ko00473
2022-12-22 17:58:11 INFO::Fitting model to feature number 179, ko05111
2022-12-22 17:58:11 INFO::Fitting model to feature number 180, ko04210
2022-12-22 17:58:11 INFO::Fitting model to feature number 181, ko00240
2022-12-22 17:58:11 INFO::Fitting model to feature number 182, ko04011
2022-12-22 17:58:11 INFO::Fitting model to feature number 183, ko00944
2022-12-22 17:58:11 INFO::Fitting model to feature number 184, ko04113
2022-12-22 17:58:11 INFO::Fitting model to feature number 185, ko04070
2022-12-22 17:58:11 INFO::Fitting model to feature number 186, ko03420
2022-12-22 17:58:11 INFO::Fitting model to feature number 187, ko00770
2022-12-22 17:58:11 INFO::Fitting model to feature number 188, ko02040
2022-12-22 17:58:11 INFO::Fitting model to feature number 189, ko00670
2022-12-22 17:58:11 INFO::Fitting model to feature number 190, ko04920
2022-12-22 17:58:11 INFO::Fitting model to feature number 191, ko00930
2022-12-22 17:58:11 INFO::Fitting model to feature number 192, ko04112
2022-12-22 17:58:11 INFO::Counting total values for each feature
2022-12-22 17:58:12 INFO::Writing residuals to file Maaslin2_results_Group/residuals.rds
2022-12-22 17:58:12 INFO::Writing fitted values to file Maaslin2_results_Group/fitted.rds
2022-12-22 17:58:12 INFO::Writing all results to file (ordered by increasing q-values): Maaslin2_results_Group/all_results.tsv
2022-12-22 17:58:12 INFO::Writing the significant results (those which are less than or equal to the threshold of 0.250000 ) to file (ordered by increasing q-values): Maaslin2_results_Group/significant_results.tsv
2022-12-22 17:58:12 INFO::Writing heatmap of significant results to file: Maaslin2_results_Group/heatmap.pdf
2022-12-22 17:58:12 INFO::Writing association plots (one for each significant association) to output folder: Maaslin2_results_Group
2022-12-22 17:58:12 INFO::Plotting associations from most to least significant, grouped by metadata
2022-12-22 17:58:12 INFO::Plotting data for metadata number 1, Group
2022-12-22 17:58:12 INFO::Creating boxplot for categorical data, Group vs ko00100
2022-12-22 17:58:13 INFO::Creating boxplot for categorical data, Group vs ko05014
2022-12-22 17:58:13 INFO::Creating boxplot for categorical data, Group vs ko04910
2022-12-22 17:58:14 INFO::Creating boxplot for categorical data, Group vs ko03050
2022-12-22 17:58:14 INFO::Creating boxplot for categorical data, Group vs ko04260
2022-12-22 17:58:14 INFO::Creating boxplot for categorical data, Group vs ko03050
2022-12-22 17:58:14 INFO::Creating boxplot for categorical data, Group vs ko00944
2022-12-22 17:58:15 INFO::Creating boxplot for categorical data, Group vs ko00944
2022-12-22 17:58:15 INFO::Creating boxplot for categorical data, Group vs ko05120
2022-12-22 17:58:15 INFO::Creating boxplot for categorical data, Group vs ko05143
2022-12-22 17:58:16 INFO::Creating boxplot for categorical data, Group vs ko05012
2022-12-22 17:58:16 INFO::Creating boxplot for categorical data, Group vs ko00471
2022-12-22 17:58:16 INFO::Creating boxplot for categorical data, Group vs ko03050
2022-12-22 17:58:16 INFO::Creating boxplot for categorical data, Group vs ko00983
2022-12-22 17:58:16 INFO::Creating boxplot for categorical data, Group vs ko05010
2022-12-22 17:58:17 INFO::Creating boxplot for categorical data, Group vs ko00944
2022-12-22 17:58:17 INFO::Creating boxplot for categorical data, Group vs ko05142
2022-12-22 17:58:17 INFO::Creating boxplot for categorical data, Group vs ko03050
2022-12-22 17:58:17 INFO::Creating boxplot for categorical data, Group vs ko05412
2022-12-22 17:58:18 INFO::Creating boxplot for categorical data, Group vs ko04020
2022-12-22 17:58:18 INFO::Creating boxplot for categorical data, Group vs ko05414
2022-12-22 17:58:18 INFO::Creating boxplot for categorical data, Group vs ko04972
2022-12-22 17:58:18 INFO::Creating boxplot for categorical data, Group vs ko00930
2022-12-22 17:58:19 INFO::Creating boxplot for categorical data, Group vs ko00920
2022-12-22 17:58:19 INFO::Creating boxplot for categorical data, Group vs ko00920
2022-12-22 17:58:19 INFO::Creating boxplot for categorical data, Group vs ko05410
2022-12-22 17:58:19 INFO::Creating boxplot for categorical data, Group vs ko05211
2022-12-22 17:58:20 INFO::Creating boxplot for categorical data, Group vs ko05222
2022-12-22 17:58:20 INFO::Creating boxplot for categorical data, Group vs ko05416
2022-12-22 17:58:20 INFO::Creating boxplot for categorical data, Group vs ko05016
2022-12-22 17:58:20 INFO::Creating boxplot for categorical data, Group vs ko05210
2022-12-22 17:58:20 INFO::Creating boxplot for categorical data, Group vs ko04115
2022-12-22 17:58:21 INFO::Creating boxplot for categorical data, Group vs ko05145
2022-12-22 17:58:21 INFO::Creating boxplot for categorical data, Group vs ko00250
2022-12-22 17:58:21 INFO::Creating boxplot for categorical data, Group vs ko03450
2022-12-22 17:58:21 INFO::Creating boxplot for categorical data, Group vs ko05143
2022-12-22 17:58:22 INFO::Creating boxplot for categorical data, Group vs ko05143
2022-12-22 17:58:22 INFO::Creating boxplot for categorical data, Group vs ko05142
2022-12-22 17:58:22 INFO::Creating boxplot for categorical data, Group vs ko00944
2022-12-22 17:58:23 INFO::Creating boxplot for categorical data, Group vs ko04964
2022-12-22 17:58:23 INFO::Creating boxplot for categorical data, Group vs ko00450
2022-12-22 17:58:23 INFO::Creating boxplot for categorical data, Group vs ko04070
2022-12-22 17:58:23 INFO::Creating boxplot for categorical data, Group vs ko05142
2022-12-22 17:58:23 INFO::Creating boxplot for categorical data, Group vs ko00121
2022-12-22 17:58:24 INFO::Creating boxplot for categorical data, Group vs ko00120
2022-12-22 17:58:24 INFO::Creating boxplot for categorical data, Group vs ko03450
2022-12-22 17:58:24 INFO::Creating boxplot for categorical data, Group vs ko01040
2022-12-22 17:58:24 INFO::Creating boxplot for categorical data, Group vs ko00071
2022-12-22 17:58:25 INFO::Creating boxplot for categorical data, Group vs ko05143
2022-12-22 17:58:25 INFO::Creating boxplot for categorical data, Group vs ko00471
2022-12-22 17:58:25 INFO::Creating boxplot for categorical data, Group vs ko03050
2022-12-22 17:58:25 INFO::Creating boxplot for categorical data, Group vs ko04113
2022-12-22 17:58:25 INFO::Creating boxplot for categorical data, Group vs ko05150
2022-12-22 17:58:26 INFO::Creating boxplot for categorical data, Group vs ko01040
2022-12-22 17:58:26 INFO::Creating boxplot for categorical data, Group vs ko00440
2022-12-22 17:58:26 INFO::Creating boxplot for categorical data, Group vs ko00920
2022-12-22 17:58:26 INFO::Creating boxplot for categorical data, Group vs ko00061
2022-12-22 17:58:27 INFO::Creating boxplot for categorical data, Group vs ko00250
2022-12-22 17:58:27 INFO::Creating boxplot for categorical data, Group vs ko00592
2022-12-22 17:58:27 INFO::Creating boxplot for categorical data, Group vs ko00480
2022-12-22 17:58:27 INFO::Creating boxplot for categorical data, Group vs ko05142
2022-12-22 17:58:28 INFO::Creating boxplot for categorical data, Group vs ko03060
2022-12-22 17:58:28 INFO::Creating boxplot for categorical data, Group vs ko00633
2022-12-22 17:58:28 INFO::Creating boxplot for categorical data, Group vs ko03013
2022-12-22 17:58:28 INFO::Creating boxplot for categorical data, Group vs ko00450
2022-12-22 17:58:28 INFO::Creating boxplot for categorical data, Group vs ko05120
2022-12-22 17:58:29 INFO::Creating boxplot for categorical data, Group vs ko00550
2022-12-22 17:58:29 INFO::Creating boxplot for categorical data, Group vs ko00350
2022-12-22 17:58:29 INFO::Creating boxplot for categorical data, Group vs ko03450
2022-12-22 17:58:29 INFO::Creating boxplot for categorical data, Group vs ko00430
2022-12-22 17:58:30 INFO::Creating boxplot for categorical data, Group vs ko00361
2022-12-22 17:58:30 INFO::Creating boxplot for categorical data, Group vs ko05120
2022-12-22 17:58:30 INFO::Creating boxplot for categorical data, Group vs ko03020
2022-12-22 17:58:30 INFO::Creating boxplot for categorical data, Group vs ko00980
2022-12-22 17:58:31 INFO::Creating boxplot for categorical data, Group vs ko00791
2022-12-22 17:58:31 INFO::Creating boxplot for categorical data, Group vs ko00982
2022-12-22 17:58:31 INFO::Creating boxplot for categorical data, Group vs ko05111
2022-12-22 17:58:31 INFO::Creating boxplot for categorical data, Group vs ko00121
2022-12-22 17:58:31 INFO::Creating boxplot for categorical data, Group vs ko00120
2022-12-22 17:58:32 INFO::Creating boxplot for categorical data, Group vs ko00471
2022-12-22 17:58:32 INFO::Creating boxplot for categorical data, Group vs ko00311
2022-12-22 17:58:32 INFO::Creating boxplot for categorical data, Group vs ko03440
2022-12-22 17:58:32 INFO::Creating boxplot for categorical data, Group vs ko00860
2022-12-22 17:58:33 INFO::Creating boxplot for categorical data, Group vs ko00983
2022-12-22 17:58:33 INFO::Creating boxplot for categorical data, Group vs ko04011
2022-12-22 17:58:33 INFO::Creating boxplot for categorical data, Group vs ko00740
2022-12-22 17:58:33 INFO::Creating boxplot for categorical data, Group vs ko00250
2022-12-22 17:58:34 INFO::Creating boxplot for categorical data, Group vs ko03450
2022-12-22 17:58:34 INFO::Creating boxplot for categorical data, Group vs ko00230
2022-12-22 17:58:34 INFO::Creating boxplot for categorical data, Group vs ko00830
2022-12-22 17:58:34 INFO::Creating boxplot for categorical data, Group vs ko00310
2022-12-22 17:58:34 INFO::Creating boxplot for categorical data, Group vs ko04964
2022-12-22 17:58:35 INFO::Creating boxplot for categorical data, Group vs ko00121
2022-12-22 17:58:35 INFO::Creating boxplot for categorical data, Group vs ko00120
2022-12-22 17:58:35 INFO::Creating boxplot for categorical data, Group vs ko00791
2022-12-22 17:58:35 INFO::Creating boxplot for categorical data, Group vs ko05211
2022-12-22 17:58:36 INFO::Creating boxplot for categorical data, Group vs ko00510
2022-12-22 17:58:36 INFO::Creating boxplot for categorical data, Group vs ko00960
2022-12-22 17:58:36 INFO::Creating boxplot for categorical data, Group vs ko03030
2022-12-22 17:58:36 INFO::Creating boxplot for categorical data, Group vs ko05340
2022-12-22 17:58:36 INFO::Creating boxplot for categorical data, Group vs ko00930
2022-12-22 17:58:37 INFO::Creating boxplot for categorical data, Group vs ko00401
2022-12-22 17:58:37 INFO::Creating boxplot for categorical data, Group vs ko00900
2022-12-22 17:58:37 INFO::Creating boxplot for categorical data, Group vs ko00471
2022-12-22 17:58:37 INFO::Creating boxplot for categorical data, Group vs ko02060
2022-12-22 17:58:37 INFO::Creating boxplot for categorical data, Group vs ko03008
2022-12-22 17:58:37 INFO::Creating boxplot for categorical data, Group vs ko04622
2022-12-22 17:58:37 INFO::Creating boxplot for categorical data, Group vs ko03010
2022-12-22 17:58:38 INFO::Creating boxplot for categorical data, Group vs ko00360
2022-12-22 17:58:38 INFO::Creating boxplot for categorical data, Group vs ko05014
2022-12-22 17:58:38 INFO::Creating boxplot for categorical data, Group vs ko00900
2022-12-22 17:58:38 INFO::Creating boxplot for categorical data, Group vs ko00362
2022-12-22 17:58:39 INFO::Creating boxplot for categorical data, Group vs ko05215
2022-12-22 17:58:39 INFO::Creating boxplot for categorical data, Group vs ko04914
2022-12-22 17:58:39 INFO::Creating boxplot for categorical data, Group vs ko04612
2022-12-22 17:58:39 INFO::Creating boxplot for categorical data, Group vs ko05340
2022-12-22 17:58:40 INFO::Creating boxplot for categorical data, Group vs ko03420
2022-12-22 17:58:40 INFO::Creating boxplot for categorical data, Group vs ko03410
2022-12-22 17:58:40 INFO::Creating boxplot for categorical data, Group vs ko00440
2022-12-22 17:58:40 INFO::Creating boxplot for categorical data, Group vs ko00627
2022-12-22 17:58:41 INFO::Creating boxplot for categorical data, Group vs ko00121
2022-12-22 17:58:41 INFO::Creating boxplot for categorical data, Group vs ko04930
2022-12-22 17:58:41 INFO::Creating boxplot for categorical data, Group vs ko03450
2022-12-22 17:58:41 INFO::Creating boxplot for categorical data, Group vs ko00120
2022-12-22 17:58:42 INFO::Creating boxplot for categorical data, Group vs ko00400
2022-12-22 17:58:42 INFO::Creating boxplot for categorical data, Group vs ko03430
2022-12-22 17:58:42 INFO::Creating boxplot for categorical data, Group vs ko00621
2022-12-22 17:58:42 INFO::Creating boxplot for categorical data, Group vs ko00240
2022-12-22 17:58:43 INFO::Creating boxplot for categorical data, Group vs ko00770
2022-12-22 17:58:43 INFO::Creating boxplot for categorical data, Group vs ko00630
2022-12-22 17:58:43 INFO::Creating boxplot for categorical data, Group vs ko00944
2022-12-22 17:58:43 INFO::Creating boxplot for categorical data, Group vs ko05020
2022-12-22 17:58:44 INFO::Creating boxplot for categorical data, Group vs ko00473
2022-12-22 17:58:44 INFO::Creating boxplot for categorical data, Group vs ko00740
2022-12-22 17:58:44 INFO::Creating boxplot for categorical data, Group vs ko00562
2022-12-22 17:58:44 INFO::Creating boxplot for categorical data, Group vs ko00626
2022-12-22 17:58:45 INFO::Creating boxplot for categorical data, Group vs ko04910
2022-12-22 17:58:45 INFO::Creating boxplot for categorical data, Group vs ko04070
2022-12-22 17:58:45 INFO::Creating boxplot for categorical data, Group vs ko00642
2022-12-22 17:58:45 INFO::Creating boxplot for categorical data, Group vs ko05012
2022-12-22 17:58:46 INFO::Creating boxplot for categorical data, Group vs ko00908
2022-12-22 17:58:46 INFO::Creating boxplot for categorical data, Group vs ko04141
2022-12-22 17:58:46 INFO::Creating boxplot for categorical data, Group vs ko05120
2022-12-22 17:58:46 INFO::Creating boxplot for categorical data, Group vs ko00643
2022-12-22 17:58:47 INFO::Creating boxplot for categorical data, Group vs ko00592
2022-12-22 17:58:47 INFO::Creating boxplot for categorical data, Group vs ko04626
2022-12-22 17:58:47 INFO::Creating boxplot for categorical data, Group vs ko03070
2022-12-22 17:58:47 INFO::Creating boxplot for categorical data, Group vs ko04622
2022-12-22 17:58:48 INFO::Creating boxplot for categorical data, Group vs ko00623
2022-12-22 17:58:48 INFO::Creating boxplot for categorical data, Group vs ko00300
2022-12-22 17:58:48 INFO::Creating boxplot for categorical data, Group vs ko05014
2022-12-22 17:58:48 INFO::Creating boxplot for categorical data, Group vs ko05111
2022-12-22 17:58:49 INFO::Creating boxplot for categorical data, Group vs ko04940
2022-12-22 17:58:49 INFO::Creating boxplot for categorical data, Group vs ko00622
2022-12-22 17:58:49 INFO::Creating boxplot for categorical data, Group vs ko00513
2022-12-22 17:58:49 INFO::Creating boxplot for categorical data, Group vs ko00564
2022-12-22 17:58:49 INFO::Creating boxplot for categorical data, Group vs ko00710
2022-12-22 17:58:50 INFO::Creating boxplot for categorical data, Group vs ko00450
2022-12-22 17:58:50 INFO::Creating boxplot for categorical data, Group vs ko00250
2022-12-22 17:58:50 INFO::Creating boxplot for categorical data, Group vs ko00030
2022-12-22 17:58:50 INFO::Creating boxplot for categorical data, Group vs ko00300
2022-12-22 17:58:50 INFO::Creating boxplot for categorical data, Group vs ko00622
2022-12-22 17:58:50 INFO::Creating boxplot for categorical data, Group vs ko01040
2022-12-22 17:58:50 INFO::Creating boxplot for categorical data, Group vs ko01040
2022-12-22 17:58:51 INFO::Creating boxplot for categorical data, Group vs ko05146
2022-12-22 17:58:51 INFO::Creating boxplot for categorical data, Group vs ko00791
2022-12-22 17:58:51 INFO::Creating boxplot for categorical data, Group vs ko04621
2022-12-22 17:58:51 INFO::Creating boxplot for categorical data, Group vs ko04260
2022-12-22 17:58:51 INFO::Creating boxplot for categorical data, Group vs ko02040
2022-12-22 17:58:52 INFO::Creating boxplot for categorical data, Group vs ko00190
2022-12-22 17:58:52 INFO::Creating boxplot for categorical data, Group vs ko02040
2022-12-22 17:58:52 INFO::Creating boxplot for categorical data, Group vs ko00720
2022-12-22 17:58:52 INFO::Creating boxplot for categorical data, Group vs ko03013
2022-12-22 17:58:52 INFO::Creating boxplot for categorical data, Group vs ko00052
2022-12-22 17:58:52 INFO::Creating boxplot for categorical data, Group vs ko02030
2022-12-22 17:58:53 INFO::Creating boxplot for categorical data, Group vs ko04964
2022-12-22 17:58:53 INFO::Creating boxplot for categorical data, Group vs ko02030
2022-12-22 17:58:53 INFO::Creating boxplot for categorical data, Group vs ko05143
2022-12-22 17:58:53 INFO::Creating boxplot for categorical data, Group vs ko00622
2022-12-22 17:58:54 INFO::Creating boxplot for categorical data, Group vs ko04621
2022-12-22 17:58:54 INFO::Creating boxplot for categorical data, Group vs ko04113
2022-12-22 17:58:54 INFO::Creating boxplot for categorical data, Group vs ko00903
2022-12-22 17:58:54 INFO::Creating boxplot for categorical data, Group vs ko00250
2022-12-22 17:58:54 INFO::Creating boxplot for categorical data, Group vs ko04070
2022-12-22 17:58:55 INFO::Creating boxplot for categorical data, Group vs ko00260
2022-12-22 17:58:55 INFO::Creating boxplot for categorical data, Group vs ko00740
2022-12-22 17:58:55 INFO::Creating boxplot for categorical data, Group vs ko00130
2022-12-22 17:58:55 INFO::Creating boxplot for categorical data, Group vs ko00643
2022-12-22 17:58:56 INFO::Creating boxplot for categorical data, Group vs ko00710
2022-12-22 17:58:56 INFO::Creating boxplot for categorical data, Group vs ko00920
2022-12-22 17:58:56 INFO::Creating boxplot for categorical data, Group vs ko00950
2022-12-22 17:58:56 INFO::Creating boxplot for categorical data, Group vs ko03420
2022-12-22 17:58:57 INFO::Creating boxplot for categorical data, Group vs ko00521
2022-12-22 17:58:57 INFO::Creating boxplot for categorical data, Group vs ko00562
2022-12-22 17:58:57 INFO::Creating boxplot for categorical data, Group vs ko04974
2022-12-22 17:58:57 INFO::Creating boxplot for categorical data, Group vs ko05016
2022-12-22 17:58:57 INFO::Creating boxplot for categorical data, Group vs ko01055
2022-12-22 17:58:58 INFO::Creating boxplot for categorical data, Group vs ko03008
2022-12-22 17:58:58 INFO::Creating boxplot for categorical data, Group vs ko00592
2022-12-22 17:58:58 INFO::Creating boxplot for categorical data, Group vs ko00906
2022-12-22 17:58:58 INFO::Creating boxplot for categorical data, Group vs ko00280
2022-12-22 17:58:59 INFO::Creating boxplot for categorical data, Group vs ko05222
2022-12-22 17:58:59 INFO::Creating boxplot for categorical data, Group vs ko05416
2022-12-22 17:58:59 INFO::Creating boxplot for categorical data, Group vs ko00253
2022-12-22 17:58:59 INFO::Creating boxplot for categorical data, Group vs ko05215
2022-12-22 17:58:59 INFO::Creating boxplot for categorical data, Group vs ko05210
2022-12-22 17:59:00 INFO::Creating boxplot for categorical data, Group vs ko04115
2022-12-22 17:59:01 INFO::Creating boxplot for categorical data, Group vs ko04914
2022-12-22 17:59:01 INFO::Creating boxplot for categorical data, Group vs ko05145
2022-12-22 17:59:02 INFO::Creating boxplot for categorical data, Group vs ko00340
2022-12-22 17:59:02 INFO::Creating boxplot for categorical data, Group vs ko04612
2022-12-22 17:59:02 INFO::Creating boxplot for categorical data, Group vs ko00300
2022-12-22 17:59:03 INFO::Creating boxplot for categorical data, Group vs ko00280
2022-12-22 17:59:03 INFO::Creating boxplot for categorical data, Group vs ko00601
2022-12-22 17:59:03 INFO::Creating boxplot for categorical data, Group vs ko04614
2022-12-22 17:59:03 INFO::Creating boxplot for categorical data, Group vs ko00621
2022-12-22 17:59:03 INFO::Creating boxplot for categorical data, Group vs ko00010
2022-12-22 17:59:04 INFO::Creating boxplot for categorical data, Group vs ko00513
2022-12-22 17:59:04 INFO::Creating boxplot for categorical data, Group vs ko01051
2022-12-22 17:59:04 INFO::Creating boxplot for categorical data, Group vs ko03320
2022-12-22 17:59:04 INFO::Creating boxplot for categorical data, Group vs ko00300
2022-12-22 17:59:05 INFO::Creating boxplot for categorical data, Group vs ko00900
2022-12-22 17:59:05 INFO::Creating boxplot for categorical data, Group vs ko00970
2022-12-22 17:59:05 INFO::Creating boxplot for categorical data, Group vs ko05146
2022-12-22 17:59:05 INFO::Creating boxplot for categorical data, Group vs ko00340
2022-12-22 17:59:06 INFO::Creating boxplot for categorical data, Group vs ko00140
2022-12-22 17:59:06 INFO::Creating boxplot for categorical data, Group vs ko05142
2022-12-22 17:59:06 INFO::Creating boxplot for categorical data, Group vs ko00311
2022-12-22 17:59:06 INFO::Creating boxplot for categorical data, Group vs ko00460
2022-12-22 17:59:07 INFO::Creating boxplot for categorical data, Group vs ko05211
2022-12-22 17:59:07 INFO::Creating boxplot for categorical data, Group vs ko00625
2022-12-22 17:59:07 INFO::Creating boxplot for categorical data, Group vs ko04626
2022-12-22 17:59:07 INFO::Creating boxplot for categorical data, Group vs ko00621
2022-12-22 17:59:08 INFO::Creating boxplot for categorical data, Group vs ko00642
2022-12-22 17:59:08 INFO::Creating boxplot for categorical data, Group vs ko00071
2022-12-22 17:59:08 INFO::Creating boxplot for categorical data, Group vs ko00072
2022-12-22 17:59:08 INFO::Creating boxplot for categorical data, Group vs ko00550
2022-12-22 17:59:09 INFO::Creating boxplot for categorical data, Group vs ko00051
2022-12-22 17:59:09 INFO::Creating boxplot for categorical data, Group vs ko04146
2022-12-22 17:59:09 INFO::Creating boxplot for categorical data, Group vs ko03013
2022-12-22 17:59:09 INFO::Creating boxplot for categorical data, Group vs ko00330
2022-12-22 17:59:09 INFO::Creating boxplot for categorical data, Group vs ko00071
2022-12-22 17:59:10 INFO::Creating boxplot for categorical data, Group vs ko00561
2022-12-22 17:59:10 INFO::Creating boxplot for categorical data, Group vs ko05211
2022-12-22 17:59:10 INFO::Creating boxplot for categorical data, Group vs ko00600
2022-12-22 17:59:10 INFO::Creating boxplot for categorical data, Group vs ko05150
2022-12-22 17:59:11 INFO::Creating boxplot for categorical data, Group vs ko00780
2022-12-22 17:59:11 INFO::Creating boxplot for categorical data, Group vs ko00531
2022-12-22 17:59:11 INFO::Creating boxplot for categorical data, Group vs ko04112
2022-12-22 17:59:11 INFO::Creating boxplot for categorical data, Group vs ko00592
2022-12-22 17:59:12 INFO::Creating boxplot for categorical data, Group vs ko00380
2022-12-22 17:59:12 INFO::Creating boxplot for categorical data, Group vs ko00440
2022-12-22 17:59:12 INFO::Creating boxplot for categorical data, Group vs ko04621
2022-12-22 17:59:12 INFO::Creating boxplot for categorical data, Group vs ko03430
2022-12-22 17:59:13 INFO::Creating boxplot for categorical data, Group vs ko00362
2022-12-22 17:59:13 INFO::Creating boxplot for categorical data, Group vs ko03440
2022-12-22 17:59:13 INFO::Creating boxplot for categorical data, Group vs ko04113
2022-12-22 17:59:13 INFO::Creating boxplot for categorical data, Group vs ko04910
2022-12-22 17:59:14 INFO::Creating boxplot for categorical data, Group vs ko05340
2022-12-22 17:59:14 INFO::Creating boxplot for categorical data, Group vs ko00740
2022-12-22 17:59:14 INFO::Creating boxplot for categorical data, Group vs ko00071
2022-12-22 17:59:14 INFO::Creating boxplot for categorical data, Group vs ko04920
2022-12-22 17:59:14 INFO::Creating boxplot for categorical data, Group vs ko00020
2022-12-22 17:59:15 INFO::Creating boxplot for categorical data, Group vs ko00030
2022-12-22 17:59:15 INFO::Creating boxplot for categorical data, Group vs ko00604
2022-12-22 17:59:15 INFO::Creating boxplot for categorical data, Group vs ko02020
2022-12-22 17:59:15 INFO::Creating boxplot for categorical data, Group vs ko03013
2022-12-22 17:59:16 INFO::Creating boxplot for categorical data, Group vs ko03410
2022-12-22 17:59:16 INFO::Creating boxplot for categorical data, Group vs ko00312
2022-12-22 17:59:16 INFO::Creating boxplot for categorical data, Group vs ko00401
2022-12-22 17:59:16 INFO::Creating boxplot for categorical data, Group vs ko05020
2022-12-22 17:59:17 INFO::Creating boxplot for categorical data, Group vs ko00020
2022-12-22 17:59:17 INFO::Creating boxplot for categorical data, Group vs ko05010
2022-12-22 17:59:17 INFO::Creating boxplot for categorical data, Group vs ko00523
2022-12-22 17:59:17 INFO::Creating boxplot for categorical data, Group vs ko05340
2022-12-22 17:59:18 INFO::Creating boxplot for categorical data, Group vs ko00640
2022-12-22 17:59:18 INFO::Creating boxplot for categorical data, Group vs ko00190
2022-12-22 17:59:18 INFO::Creating boxplot for categorical data, Group vs ko00561
2022-12-22 17:59:18 INFO::Creating boxplot for categorical data, Group vs ko02010
2022-12-22 17:59:19 INFO::Creating boxplot for categorical data, Group vs ko00400
2022-12-22 17:59:19 INFO::Creating boxplot for categorical data, Group vs ko02020
2022-12-22 17:59:19 INFO::Creating boxplot for categorical data, Group vs ko05215
2022-12-22 17:59:19 INFO::Creating boxplot for categorical data, Group vs ko01055
2022-12-22 17:59:20 INFO::Creating boxplot for categorical data, Group vs ko04914
2022-12-22 17:59:20 INFO::Creating boxplot for categorical data, Group vs ko04612
2022-12-22 17:59:20 INFO::Creating boxplot for categorical data, Group vs ko05111
2022-12-22 17:59:20 INFO::Creating boxplot for categorical data, Group vs ko00930
2022-12-22 17:59:21 INFO::Creating boxplot for categorical data, Group vs ko03008
2022-12-22 17:59:21 INFO::Creating boxplot for categorical data, Group vs ko00622
2022-12-22 17:59:21 INFO::Creating boxplot for categorical data, Group vs ko00300
2022-12-22 17:59:21 INFO::Creating boxplot for categorical data, Group vs ko00260
2022-12-22 17:59:22 INFO::Creating boxplot for categorical data, Group vs ko00627
2022-12-22 17:59:22 INFO::Creating boxplot for categorical data, Group vs ko00290
2022-12-22 17:59:22 INFO::Creating boxplot for categorical data, Group vs ko00330
2022-12-22 17:59:23 INFO::Creating boxplot for categorical data, Group vs ko00253
2022-12-22 17:59:23 INFO::Creating boxplot for categorical data, Group vs ko00362
2022-12-22 17:59:24 INFO::Creating boxplot for categorical data, Group vs ko05020
2022-12-22 17:59:24 INFO::Creating boxplot for categorical data, Group vs ko04142
2022-12-22 17:59:24 INFO::Creating boxplot for categorical data, Group vs ko02010
2022-12-22 17:59:24 INFO::Creating boxplot for categorical data, Group vs ko05014
2022-12-22 17:59:25 INFO::Creating boxplot for categorical data, Group vs ko03410
2022-12-22 17:59:25 INFO::Creating boxplot for categorical data, Group vs ko00660
2022-12-22 17:59:26 INFO::Creating boxplot for categorical data, Group vs ko00270
2022-12-22 17:59:26 INFO::Creating boxplot for categorical data, Group vs ko00900
2022-12-22 17:59:27 INFO::Creating boxplot for categorical data, Group vs ko00910
2022-12-22 17:59:27 INFO::Creating boxplot for categorical data, Group vs ko00730
2022-12-22 17:59:27 INFO::Creating boxplot for categorical data, Group vs ko00562
2022-12-22 17:59:28 INFO::Creating boxplot for categorical data, Group vs ko03060
2022-12-22 17:59:28 INFO::Creating boxplot for categorical data, Group vs ko05200
2022-12-22 17:59:28 INFO::Creating boxplot for categorical data, Group vs ko00061
2022-12-22 17:59:29 INFO::Creating boxplot for categorical data, Group vs ko00253
2022-12-22 17:59:29 INFO::Creating boxplot for categorical data, Group vs ko00281
2022-12-22 17:59:29 INFO::Creating boxplot for categorical data, Group vs ko00523
2022-12-22 17:59:29 INFO::Creating boxplot for categorical data, Group vs ko00010
2022-12-22 17:59:30 INFO::Creating boxplot for categorical data, Group vs ko00626
2022-12-22 17:59:30 INFO::Creating boxplot for categorical data, Group vs ko03060
2022-12-22 17:59:30 INFO::Creating boxplot for categorical data, Group vs ko04260
2022-12-22 17:59:30 INFO::Creating boxplot for categorical data, Group vs ko00312
2022-12-22 17:59:31 INFO::Creating boxplot for categorical data, Group vs ko03070
2022-12-22 17:59:31 INFO::Creating boxplot for categorical data, Group vs ko00740
2022-12-22 17:59:31 INFO::Creating boxplot for categorical data, Group vs ko00941
2022-12-22 17:59:31 INFO::Creating boxplot for categorical data, Group vs ko00562
2022-12-22 17:59:32 INFO::Creating boxplot for categorical data, Group vs ko05219
2022-12-22 17:59:32 INFO::Creating boxplot for categorical data, Group vs ko00830
2022-12-22 17:59:32 INFO::Creating boxplot for categorical data, Group vs ko03420
2022-12-22 17:59:33 INFO::Creating boxplot for categorical data, Group vs ko00510
2022-12-22 17:59:33 INFO::Creating boxplot for categorical data, Group vs ko00830
2022-12-22 17:59:33 INFO::Creating boxplot for categorical data, Group vs ko00061
2022-12-22 17:59:33 INFO::Creating boxplot for categorical data, Group vs ko00100
2022-12-22 17:59:34 INFO::Creating boxplot for categorical data, Group vs ko00603
2022-12-22 17:59:34 INFO::Creating boxplot for categorical data, Group vs ko00281
2022-12-22 17:59:34 INFO::Creating boxplot for categorical data, Group vs ko03008
2022-12-22 17:59:34 INFO::Creating boxplot for categorical data, Group vs ko00362
2022-12-22 17:59:34 INFO::Creating boxplot for categorical data, Group vs ko00521
2022-12-22 17:59:35 INFO::Creating boxplot for categorical data, Group vs ko04910
2022-12-22 17:59:35 INFO::Creating boxplot for categorical data, Group vs ko00982
2022-12-22 17:59:35 INFO::Creating boxplot for categorical data, Group vs ko00980
2022-12-22 17:59:36 INFO::Creating boxplot for categorical data, Group vs ko02030
2022-12-22 17:59:36 INFO::Creating boxplot for categorical data, Group vs ko00010
2022-12-22 17:59:36 INFO::Creating boxplot for categorical data, Group vs ko00524
2022-12-22 17:59:36 INFO::Creating boxplot for categorical data, Group vs ko00630
2022-12-22 17:59:37 INFO::Creating boxplot for categorical data, Group vs ko00540
2022-12-22 17:59:37 INFO::Creating boxplot for categorical data, Group vs ko00312
2022-12-22 17:59:38 INFO::Creating boxplot for categorical data, Group vs ko00473
2022-12-22 17:59:38 INFO::Creating boxplot for categorical data, Group vs ko00643
2022-12-22 17:59:38 INFO::Creating boxplot for categorical data, Group vs ko01055
2022-12-22 17:59:39 INFO::Creating boxplot for categorical data, Group vs ko03020
2022-12-22 17:59:39 INFO::Creating boxplot for categorical data, Group vs ko00260
2022-12-22 17:59:39 INFO::Creating boxplot for categorical data, Group vs ko00591
2022-12-22 17:59:40 INFO::Creating boxplot for categorical data, Group vs ko00621
2022-12-22 17:59:40 INFO::Creating boxplot for categorical data, Group vs ko00531
2022-12-22 17:59:40 INFO::Creating boxplot for categorical data, Group vs ko00363
2022-12-22 17:59:41 INFO::Creating boxplot for categorical data, Group vs ko00364
2022-12-22 17:59:41 INFO::Creating boxplot for categorical data, Group vs ko00523
2022-12-22 17:59:41 INFO::Creating boxplot for categorical data, Group vs ko00780
2022-12-22 17:59:42 INFO::Creating boxplot for categorical data, Group vs ko04070
2022-12-22 17:59:42 INFO::Creating boxplot for categorical data, Group vs ko00770
2022-12-22 17:59:42 INFO::Creating boxplot for categorical data, Group vs ko02040
2022-12-22 17:59:42 INFO::Creating boxplot for categorical data, Group vs ko04142
2022-12-22 17:59:43 INFO::Creating boxplot for categorical data, Group vs ko00100
2022-12-22 17:59:43 INFO::Creating boxplot for categorical data, Group vs ko04146
2022-12-22 17:59:43 INFO::Creating boxplot for categorical data, Group vs ko00620
2022-12-22 17:59:44 INFO::Creating boxplot for categorical data, Group vs ko00350
2022-12-22 17:59:44 INFO::Creating boxplot for categorical data, Group vs ko03010
2022-12-22 17:59:44 INFO::Creating boxplot for categorical data, Group vs ko00670
2022-12-22 17:59:45 INFO::Creating boxplot for categorical data, Group vs ko00760
2022-12-22 17:59:45 INFO::Creating boxplot for categorical data, Group vs ko00500
2022-12-22 17:59:45 INFO::Creating boxplot for categorical data, Group vs ko00500
2022-12-22 17:59:46 INFO::Creating boxplot for categorical data, Group vs ko04964
2022-12-22 17:59:46 INFO::Creating boxplot for categorical data, Group vs ko00790
2022-12-22 17:59:46 INFO::Creating boxplot for categorical data, Group vs ko03430
2022-12-22 17:59:47 INFO::Creating boxplot for categorical data, Group vs ko00633
2022-12-22 17:59:47 INFO::Creating boxplot for categorical data, Group vs ko00562
2022-12-22 17:59:47 INFO::Creating boxplot for categorical data, Group vs ko04940
2022-12-22 17:59:48 INFO::Creating boxplot for categorical data, Group vs ko00625
2022-12-22 17:59:48 INFO::Creating boxplot for categorical data, Group vs ko00520
2022-12-22 17:59:48 INFO::Creating boxplot for categorical data, Group vs ko03410
2022-12-22 17:59:49 INFO::Creating boxplot for categorical data, Group vs ko04011
2022-12-22 17:59:49 INFO::Creating boxplot for categorical data, Group vs ko03420
2022-12-22 17:59:49 INFO::Creating boxplot for categorical data, Group vs ko04142
2022-12-22 17:59:49 INFO::Creating boxplot for categorical data, Group vs ko04113
2022-12-22 17:59:50 INFO::Creating boxplot for categorical data, Group vs ko00730
2022-12-22 17:59:50 INFO::Creating boxplot for categorical data, Group vs ko03320
2022-12-22 17:59:50 INFO::Creating boxplot for categorical data, Group vs ko05012
2022-12-22 17:59:50 INFO::Creating boxplot for categorical data, Group vs ko00860
2022-12-22 17:59:51 INFO::Creating boxplot for categorical data, Group vs ko03030
2022-12-22 17:59:51 INFO::Creating boxplot for categorical data, Group vs ko00053
2022-12-22 17:59:51 INFO::Creating boxplot for categorical data, Group vs ko00591
2022-12-22 17:59:51 INFO::Creating boxplot for categorical data, Group vs ko02060
2022-12-22 17:59:52 INFO::Creating boxplot for categorical data, Group vs ko00513
2022-12-22 17:59:52 INFO::Creating boxplot for categorical data, Group vs ko00363
2022-12-22 17:59:52 INFO::Creating boxplot for categorical data, Group vs ko00240
2022-12-22 17:59:52 INFO::Creating boxplot for categorical data, Group vs ko04940
2022-12-22 17:59:53 INFO::Creating boxplot for categorical data, Group vs ko00531
2022-12-22 17:59:53 INFO::Creating boxplot for categorical data, Group vs ko04011
2022-12-22 17:59:53 INFO::Creating boxplot for categorical data, Group vs ko01055
2022-12-22 17:59:54 INFO::Creating boxplot for categorical data, Group vs ko04974
2022-12-22 17:59:54 INFO::Creating boxplot for categorical data, Group vs ko00480
2022-12-22 17:59:54 INFO::Creating boxplot for categorical data, Group vs ko00680
2022-12-22 17:59:54 INFO::Creating boxplot for categorical data, Group vs ko00623
2022-12-22 17:59:55 INFO::Creating boxplot for categorical data, Group vs ko00410
2022-12-22 17:59:55 INFO::Creating boxplot for categorical data, Group vs ko04141
2022-12-22 17:59:55 INFO::Creating boxplot for categorical data, Group vs ko00430
2022-12-22 17:59:56 INFO::Creating boxplot for categorical data, Group vs ko00561
2022-12-22 17:59:56 INFO::Creating boxplot for categorical data, Group vs ko05215
2022-12-22 17:59:56 INFO::Creating boxplot for categorical data, Group vs ko04914
2022-12-22 17:59:56 INFO::Creating boxplot for categorical data, Group vs ko04612
2022-12-22 17:59:57 INFO::Creating boxplot for categorical data, Group vs ko05111
2022-12-22 17:59:57 INFO::Creating boxplot for categorical data, Group vs ko04210
2022-12-22 17:59:57 INFO::Creating boxplot for categorical data, Group vs ko03030
2022-12-22 17:59:57 INFO::Creating boxplot for categorical data, Group vs ko00040
2022-12-22 17:59:58 INFO::Creating boxplot for categorical data, Group vs ko02020
2022-12-22 17:59:58 INFO::Creating boxplot for categorical data, Group vs ko00860
2022-12-22 17:59:58 INFO::Creating boxplot for categorical data, Group vs ko03430
2022-12-22 17:59:59 INFO::Creating boxplot for categorical data, Group vs ko00565
2022-12-22 17:59:59 INFO::Creating boxplot for categorical data, Group vs ko04920
2022-12-22 17:59:59 INFO::Creating boxplot for categorical data, Group vs ko00270
2022-12-22 18:00:00 INFO::Creating boxplot for categorical data, Group vs ko04940
2022-12-22 18:00:00 INFO::Creating boxplot for categorical data, Group vs ko00430
2022-12-22 18:00:00 INFO::Creating boxplot for categorical data, Group vs ko00720
2022-12-22 18:00:00 INFO::Creating boxplot for categorical data, Group vs ko04122
2022-12-22 18:00:01 INFO::Creating boxplot for categorical data, Group vs ko00670
